<?xml version="1.0" encoding="UTF-8"?>
<!-- Generated by org.testng.reporters.JUnitReportReporter -->
<testsuite name="testcase1.GoogleTC1" tests="1" time="20.027" ignored="0" failures="0" timestamp="26 Mar 2020 07:28:11 GMT" skipped="0" hostname="INPF1S0KPH" errors="0">
  <testcase name="TC01" time="20.027" classname="testcase1.GoogleTC1"/>
</testsuite> <!-- testcase1.GoogleTC1 -->
