<?xml version="1.0" encoding="UTF-8"?>
<!-- Generated by org.testng.reporters.JUnitReportReporter -->
<testsuite name="TestCases.GoogleTC1" tests="3" time="50.134" ignored="0" failures="0" timestamp="10 Apr 2020 06:47:10 GMT" skipped="0" hostname="INPF1S0KPH" errors="0">
  <testcase name="TC01" time="17.567" classname="TestCases.GoogleTC1"/>
  <testcase name="TC03" time="14.821" classname="TestCases.GoogleTC1"/>
  <testcase name="TC02" time="17.746" classname="TestCases.GoogleTC1"/>
</testsuite> <!-- TestCases.GoogleTC1 -->
